<?xml version="1.0" encoding="UTF-8"?>
<!-- Generated by org.testng.reporters.JUnitXMLReporter -->
<testsuite hostname="MacBook-Pro-dnair.local" name="Surefire test" tests="5" failures="0" timestamp="21 Mar 2016 00:30:47 GMT" time="5.878" errors="0">
  <testcase name="googleDohniExample" time="4.527" classname="com.masteringselenium.BasicTestWD"/>
  <testcase name="googleGangulyExample" time="4.549" classname="com.masteringselenium.BasicTestWD"/>
  <testcase name="googleCheeseExample" time="4.556" classname="com.masteringselenium.BasicTestWD"/>
  <testcase name="googleMilkExample" time="1.225" classname="com.masteringselenium.BasicTestWD"/>
  <testcase name="googleSachineExample" time="1.312" classname="com.masteringselenium.BasicTestWD"/>
</testsuite> <!-- Surefire test -->
