<?xml version="1.0" encoding="UTF-8"?>
<testng-results skipped="4" failed="1" total="5" passed="0">
  <reporter-output>
  </reporter-output>
  <suite name="Default suite" duration-ms="25" started-at="2016-03-20T22:48:38Z" finished-at="2016-03-20T22:48:38Z">
    <groups>
    </groups>
    <test name="Default test" duration-ms="25" started-at="2016-03-20T22:48:38Z" finished-at="2016-03-20T22:48:38Z">
      <class name="com.masteringselenium.BasicTestWD">
        <test-method status="PASS" signature="instantiateDriverObject()[pri:0, instance:com.masteringselenium.BasicTestWD@340f438e]" name="instantiateDriverObject" is-config="true" duration-ms="7" started-at="2016-03-20T17:48:38Z" finished-at="2016-03-20T17:48:38Z">
          <reporter-output>
          </reporter-output>
        </test-method> <!-- instantiateDriverObject -->
        <test-method status="FAIL" signature="googleCheeseExample()[pri:0, instance:com.masteringselenium.BasicTestWD@340f438e]" name="googleCheeseExample" duration-ms="6" started-at="2016-03-20T17:48:38Z" finished-at="2016-03-20T17:48:38Z">
          <exception class="java.lang.NullPointerException">
            <full-stacktrace>
              <![CDATA[java.lang.NullPointerException
	at com.masteringselenium.WebDriverThread.<init>(WebDriverThread.java:13)
	at com.masteringselenium.DriverFactory$1.initialValue(DriverFactory.java:21)
	at com.masteringselenium.DriverFactory$1.initialValue(DriverFactory.java:17)
	at java.lang.ThreadLocal.setInitialValue(ThreadLocal.java:180)
	at java.lang.ThreadLocal.get(ThreadLocal.java:170)
	at com.masteringselenium.DriverFactory.getDriver(DriverFactory.java:30)
	at com.masteringselenium.BasicTestWD.googleExampleThatSearchesFor(BasicTestWD.java:10)
	at com.masteringselenium.BasicTestWD.googleCheeseExample(BasicTestWD.java:28)
	at sun.reflect.NativeMethodAccessorImpl.invoke0(Native Method)
	at sun.reflect.NativeMethodAccessorImpl.invoke(NativeMethodAccessorImpl.java:62)
	at sun.reflect.DelegatingMethodAccessorImpl.invoke(DelegatingMethodAccessorImpl.java:43)
	at java.lang.reflect.Method.invoke(Method.java:498)
	at org.testng.internal.MethodInvocationHelper.invokeMethod(MethodInvocationHelper.java:85)
	at org.testng.internal.Invoker.invokeMethod(Invoker.java:639)
	at org.testng.internal.Invoker.invokeTestMethod(Invoker.java:816)
	at org.testng.internal.Invoker.invokeTestMethods(Invoker.java:1124)
	at org.testng.internal.TestMethodWorker.invokeTestMethods(TestMethodWorker.java:125)
	at org.testng.internal.TestMethodWorker.run(TestMethodWorker.java:108)
	at org.testng.TestRunner.privateRun(TestRunner.java:774)
	at org.testng.TestRunner.run(TestRunner.java:624)
	at org.testng.SuiteRunner.runTest(SuiteRunner.java:359)
	at org.testng.SuiteRunner.runSequentially(SuiteRunner.java:354)
	at org.testng.SuiteRunner.privateRun(SuiteRunner.java:312)
	at org.testng.SuiteRunner.run(SuiteRunner.java:261)
	at org.testng.SuiteRunnerWorker.runSuite(SuiteRunnerWorker.java:52)
	at org.testng.SuiteRunnerWorker.run(SuiteRunnerWorker.java:86)
	at org.testng.TestNG.runSuitesSequentially(TestNG.java:1191)
	at org.testng.TestNG.runSuitesLocally(TestNG.java:1116)
	at org.testng.TestNG.run(TestNG.java:1024)
	at org.testng.remote.RemoteTestNG.run(RemoteTestNG.java:112)
	at org.testng.remote.RemoteTestNG.initAndRun(RemoteTestNG.java:205)
	at org.testng.remote.RemoteTestNG.main(RemoteTestNG.java:176)
]]>
            </full-stacktrace>
          </exception> <!-- java.lang.NullPointerException -->
          <reporter-output>
          </reporter-output>
        </test-method> <!-- googleCheeseExample -->
        <test-method status="FAIL" signature="quitDriver()[pri:0, instance:com.masteringselenium.BasicTestWD@340f438e]" name="quitDriver" is-config="true" duration-ms="0" started-at="2016-03-20T17:48:38Z" finished-at="2016-03-20T17:48:38Z">
          <exception class="java.lang.NullPointerException">
            <full-stacktrace>
              <![CDATA[java.lang.NullPointerException
	at com.masteringselenium.WebDriverThread.<init>(WebDriverThread.java:13)
	at com.masteringselenium.DriverFactory$1.initialValue(DriverFactory.java:21)
	at com.masteringselenium.DriverFactory$1.initialValue(DriverFactory.java:17)
	at java.lang.ThreadLocal.setInitialValue(ThreadLocal.java:180)
	at java.lang.ThreadLocal.get(ThreadLocal.java:170)
	at com.masteringselenium.DriverFactory.getDriver(DriverFactory.java:30)
	at com.masteringselenium.DriverFactory.quitDriver(DriverFactory.java:35)
	at sun.reflect.NativeMethodAccessorImpl.invoke0(Native Method)
	at sun.reflect.NativeMethodAccessorImpl.invoke(NativeMethodAccessorImpl.java:62)
	at sun.reflect.DelegatingMethodAccessorImpl.invoke(DelegatingMethodAccessorImpl.java:43)
	at java.lang.reflect.Method.invoke(Method.java:498)
	at org.testng.internal.MethodInvocationHelper.invokeMethod(MethodInvocationHelper.java:85)
	at org.testng.internal.Invoker.invokeConfigurationMethod(Invoker.java:510)
	at org.testng.internal.Invoker.invokeConfigurations(Invoker.java:211)
	at org.testng.internal.Invoker.invokeMethod(Invoker.java:703)
	at org.testng.internal.Invoker.invokeTestMethod(Invoker.java:816)
	at org.testng.internal.Invoker.invokeTestMethods(Invoker.java:1124)
	at org.testng.internal.TestMethodWorker.invokeTestMethods(TestMethodWorker.java:125)
	at org.testng.internal.TestMethodWorker.run(TestMethodWorker.java:108)
	at org.testng.TestRunner.privateRun(TestRunner.java:774)
	at org.testng.TestRunner.run(TestRunner.java:624)
	at org.testng.SuiteRunner.runTest(SuiteRunner.java:359)
	at org.testng.SuiteRunner.runSequentially(SuiteRunner.java:354)
	at org.testng.SuiteRunner.privateRun(SuiteRunner.java:312)
	at org.testng.SuiteRunner.run(SuiteRunner.java:261)
	at org.testng.SuiteRunnerWorker.runSuite(SuiteRunnerWorker.java:52)
	at org.testng.SuiteRunnerWorker.run(SuiteRunnerWorker.java:86)
	at org.testng.TestNG.runSuitesSequentially(TestNG.java:1191)
	at org.testng.TestNG.runSuitesLocally(TestNG.java:1116)
	at org.testng.TestNG.run(TestNG.java:1024)
	at org.testng.remote.RemoteTestNG.run(RemoteTestNG.java:112)
	at org.testng.remote.RemoteTestNG.initAndRun(RemoteTestNG.java:205)
	at org.testng.remote.RemoteTestNG.main(RemoteTestNG.java:176)
]]>
            </full-stacktrace>
          </exception> <!-- java.lang.NullPointerException -->
          <reporter-output>
          </reporter-output>
        </test-method> <!-- quitDriver -->
        <test-method status="SKIP" signature="googleDohniExample()[pri:0, instance:com.masteringselenium.BasicTestWD@340f438e]" name="googleDohniExample" duration-ms="0" started-at="2016-03-20T17:48:38Z" finished-at="2016-03-20T17:48:38Z">
          <reporter-output>
          </reporter-output>
        </test-method> <!-- googleDohniExample -->
        <test-method status="SKIP" signature="quitDriver()[pri:0, instance:com.masteringselenium.BasicTestWD@340f438e]" name="quitDriver" is-config="true" duration-ms="0" started-at="2016-03-20T17:48:38Z" finished-at="2016-03-20T17:48:38Z">
          <reporter-output>
          </reporter-output>
        </test-method> <!-- quitDriver -->
        <test-method status="SKIP" signature="googleGangulyExample()[pri:0, instance:com.masteringselenium.BasicTestWD@340f438e]" name="googleGangulyExample" duration-ms="0" started-at="2016-03-20T17:48:38Z" finished-at="2016-03-20T17:48:38Z">
          <reporter-output>
          </reporter-output>
        </test-method> <!-- googleGangulyExample -->
        <test-method status="SKIP" signature="quitDriver()[pri:0, instance:com.masteringselenium.BasicTestWD@340f438e]" name="quitDriver" is-config="true" duration-ms="0" started-at="2016-03-20T17:48:38Z" finished-at="2016-03-20T17:48:38Z">
          <reporter-output>
          </reporter-output>
        </test-method> <!-- quitDriver -->
        <test-method status="SKIP" signature="googleMilkExample()[pri:0, instance:com.masteringselenium.BasicTestWD@340f438e]" name="googleMilkExample" duration-ms="0" started-at="2016-03-20T17:48:38Z" finished-at="2016-03-20T17:48:38Z">
          <reporter-output>
          </reporter-output>
        </test-method> <!-- googleMilkExample -->
        <test-method status="SKIP" signature="quitDriver()[pri:0, instance:com.masteringselenium.BasicTestWD@340f438e]" name="quitDriver" is-config="true" duration-ms="0" started-at="2016-03-20T17:48:38Z" finished-at="2016-03-20T17:48:38Z">
          <reporter-output>
          </reporter-output>
        </test-method> <!-- quitDriver -->
        <test-method status="SKIP" signature="googleSachineExample()[pri:0, instance:com.masteringselenium.BasicTestWD@340f438e]" name="googleSachineExample" duration-ms="1" started-at="2016-03-20T17:48:38Z" finished-at="2016-03-20T17:48:38Z">
          <reporter-output>
          </reporter-output>
        </test-method> <!-- googleSachineExample -->
        <test-method status="SKIP" signature="quitDriver()[pri:0, instance:com.masteringselenium.BasicTestWD@340f438e]" name="quitDriver" is-config="true" duration-ms="0" started-at="2016-03-20T17:48:38Z" finished-at="2016-03-20T17:48:38Z">
          <reporter-output>
          </reporter-output>
        </test-method> <!-- quitDriver -->
        <test-method status="SKIP" signature="closeDriverObjects()[pri:0, instance:com.masteringselenium.BasicTestWD@340f438e]" name="closeDriverObjects" is-config="true" duration-ms="0" started-at="2016-03-20T17:48:39Z" finished-at="2016-03-20T17:48:39Z">
          <reporter-output>
          </reporter-output>
        </test-method> <!-- closeDriverObjects -->
      </class> <!-- com.masteringselenium.BasicTestWD -->
    </test> <!-- Default test -->
  </suite> <!-- Default suite -->
</testng-results>
