<?xml version="1.0" encoding="UTF-8"?>
<testsuite name="com.masteringselenium.BasicTestWD" time="12.775" tests="5" errors="0" skipped="0" failures="2">
  <properties>
[...]
</properties>
  <testcase name="googleCheeseExample" classname="com.masteringselenium.BasicTestWD" time="4.198">
    <failure message="expected [false] but found [true]" type="java.lang.AssertionError">java.lang.AssertionError: expected [false] but found [true]
	at org.testng.Assert.fail(Assert.java:94)
	at org.testng.Assert.failNotEquals(Assert.java:496)
	at org.testng.Assert.assertFalse(Assert.java:63)
	at org.testng.Assert.assertFalse(Assert.java:73)
	at com.masteringselenium.BasicTestWD.googleCheeseExample(BasicTestWD.java:35)
</failure>
    <system-out><![CDATA[Configuring TestNG with: TestNG652Configurator



Current Operating System: MAC OS X
Current Operating System: MAC OS X
Current Architecture: x86_64
Current Operating System: MAC OS X
Current Browser Selection: FIREFOX
Current Architecture: x86_64
Current Browser Selection: FIREFOX


Current Architecture: x86_64
Current Browser Selection: FIREFOX

Page Title is : Google
]]></system-out>
  </testcase>
  <testcase name="googleMilkExample" classname="com.masteringselenium.BasicTestWD" time="1.595"/>
  <testcase name="googleGangulyExample" classname="com.masteringselenium.BasicTestWD" time="1.643"/>
  <testcase name="googleSachineExample" classname="com.masteringselenium.BasicTestWD" time="2.08">
    <failure type="java.lang.AssertionError:">java.lang.AssertionError: null
	at org.testng.Assert.fail(Assert.java:94)
	at org.testng.Assert.fail(Assert.java:101)
	at com.masteringselenium.BasicTestWD.googleSachineExample(BasicTestWD.java:45)
</failure>
  </testcase>
  <testcase name="googleDohniExample" classname="com.masteringselenium.BasicTestWD" time="3.259"/>
</testsuite>