<?xml version="1.0" encoding="UTF-8"?>
<testng-results skipped="0" failed="0" total="1" passed="1">
  <reporter-output>
  </reporter-output>
  <suite name="Surefire suite" duration-ms="3977" started-at="2016-03-29T20:05:47Z" finished-at="2016-03-29T20:05:51Z">
    <groups>
    </groups>
    <test name="Surefire test" duration-ms="3977" started-at="2016-03-29T20:05:47Z" finished-at="2016-03-29T20:05:51Z">
      <class name="com.masteringselenium.BasicTestWD">
        <test-method status="PASS" signature="instantiateDriverObject()[pri:0, instance:com.masteringselenium.BasicTestWD@21bcffb5]" name="instantiateDriverObject" is-config="true" duration-ms="6" started-at="2016-03-29T15:05:47Z" finished-at="2016-03-29T15:05:47Z">
          <reporter-output>
          </reporter-output>
        </test-method> <!-- instantiateDriverObject -->
        <test-method status="PASS" signature="googleCheeseExample()[pri:0, instance:com.masteringselenium.BasicTestWD@21bcffb5]" name="googleCheeseExample" duration-ms="3958" started-at="2016-03-29T15:05:47Z" finished-at="2016-03-29T15:05:51Z">
          <reporter-output>
          </reporter-output>
        </test-method> <!-- googleCheeseExample -->
        <test-method status="PASS" signature="quitDriver()[pri:0, instance:com.masteringselenium.BasicTestWD@21bcffb5]" name="quitDriver" is-config="true" duration-ms="8" started-at="2016-03-29T15:05:51Z" finished-at="2016-03-29T15:05:51Z">
          <reporter-output>
          </reporter-output>
        </test-method> <!-- quitDriver -->
        <test-method status="PASS" signature="closeDriverObjects()[pri:0, instance:com.masteringselenium.BasicTestWD@21bcffb5]" name="closeDriverObjects" is-config="true" duration-ms="71" started-at="2016-03-29T15:05:51Z" finished-at="2016-03-29T15:05:51Z">
          <reporter-output>
          </reporter-output>
        </test-method> <!-- closeDriverObjects -->
      </class> <!-- com.masteringselenium.BasicTestWD -->
    </test> <!-- Surefire test -->
  </suite> <!-- Surefire suite -->
</testng-results>
